[0.137s] DEBUG:colcon:Command line arguments: ['/usr/bin/colcon', 'build']
[0.138s] DEBUG:colcon:Parsed command line arguments: Namespace(log_base=None, log_level=None, verb_name='build', build_base='build', install_base='install', merge_install=False, symlink_install=False, test_result_base=None, continue_on_error=False, executor='parallel', parallel_workers=20, event_handlers=None, ignore_user_meta=False, metas=['./colcon.meta'], base_paths=['.'], packages_ignore=None, packages_ignore_regex=None, paths=None, packages_up_to=None, packages_up_to_regex=None, packages_above=None, packages_above_and_dependencies=None, packages_above_depth=None, packages_select_by_dep=None, packages_skip_by_dep=None, packages_skip_up_to=None, packages_select_build_failed=False, packages_skip_build_finished=False, packages_select_test_failures=False, packages_skip_test_passed=False, packages_select=None, packages_skip=None, packages_select_regex=None, packages_skip_regex=None, packages_start=None, packages_end=None, cmake_args=None, cmake_target=None, cmake_target_skip_unavailable=False, cmake_clean_cache=False, cmake_clean_first=False, cmake_force_configure=False, ament_cmake_args=None, catkin_cmake_args=None, catkin_skip_building_tests=False, mixin_files=None, mixin=None, verb_parser=<colcon_mixin.mixin.mixin_argument.MixinArgumentDecorator object at 0x746b4b6cc5f0>, verb_extension=<colcon_core.verb.build.BuildVerb object at 0x746b4b820ad0>, main=<bound method BuildVerb.main of <colcon_core.verb.build.BuildVerb object at 0x746b4b820ad0>>, mixin_verb=('build',))
[0.195s] Level 1:colcon.colcon_core.package_discovery:discover_packages(colcon_meta) check parameters
[0.197s] INFO:colcon.colcon_metadata.package_discovery.colcon_meta:Using configuration from '/root/.colcon/metadata/default/Gazebo.meta'
[0.198s] INFO:colcon.colcon_metadata.package_discovery.colcon_meta:Using configuration from '/root/.colcon/metadata/default/fastdds.meta'
[0.198s] INFO:colcon.colcon_metadata.package_discovery.colcon_meta:Using configuration from '/root/.colcon/metadata/default/fastrtps.meta'
[0.198s] Level 1:colcon.colcon_core.package_discovery:discover_packages(recursive) check parameters
[0.199s] Level 1:colcon.colcon_core.package_discovery:discover_packages(ignore) check parameters
[0.199s] Level 1:colcon.colcon_core.package_discovery:discover_packages(path) check parameters
[0.199s] Level 1:colcon.colcon_core.package_discovery:discover_packages(colcon_meta) discover
[0.199s] Level 1:colcon.colcon_core.package_discovery:discover_packages(recursive) discover
[0.199s] INFO:colcon.colcon_core.package_discovery:Crawling recursively for packages in '/root/ros2_ws/src/open_manipulator/open_manipulator'
[0.199s] Level 1:colcon.colcon_core.package_identification:_identify(.) by extensions ['ignore', 'ignore_ament_install']
[0.199s] Level 1:colcon.colcon_core.package_identification:_identify(.) by extension 'ignore'
[0.199s] Level 1:colcon.colcon_core.package_identification:_identify(.) by extension 'ignore_ament_install'
[0.199s] Level 1:colcon.colcon_core.package_identification:_identify(.) by extensions ['colcon_pkg']
[0.199s] Level 1:colcon.colcon_core.package_identification:_identify(.) by extension 'colcon_pkg'
[0.199s] Level 1:colcon.colcon_core.package_identification:_identify(.) by extensions ['colcon_meta']
[0.199s] Level 1:colcon.colcon_core.package_identification:_identify(.) by extension 'colcon_meta'
[0.199s] Level 1:colcon.colcon_core.package_identification:_identify(.) by extensions ['ros']
[0.199s] Level 1:colcon.colcon_core.package_identification:_identify(.) by extension 'ros'
[0.229s] DEBUG:colcon.colcon_core.package_identification:Package '.' with type 'ros.ament_cmake' and name 'open_manipulator'
[0.229s] Level 1:colcon.colcon_core.package_discovery:discover_packages(recursive) using defaults
[0.229s] Level 1:colcon.colcon_core.package_discovery:discover_packages(ignore) discover
[0.229s] Level 1:colcon.colcon_core.package_discovery:discover_packages(ignore) using defaults
[0.229s] Level 1:colcon.colcon_core.package_discovery:discover_packages(path) discover
[0.229s] Level 1:colcon.colcon_core.package_discovery:discover_packages(path) using defaults
[0.252s] Level 5:colcon.colcon_core.verb:set package 'open_manipulator' build argument 'cmake_args' from command line to 'None'
[0.252s] Level 5:colcon.colcon_core.verb:set package 'open_manipulator' build argument 'cmake_target' from command line to 'None'
[0.252s] Level 5:colcon.colcon_core.verb:set package 'open_manipulator' build argument 'cmake_target_skip_unavailable' from command line to 'False'
[0.252s] Level 5:colcon.colcon_core.verb:set package 'open_manipulator' build argument 'cmake_clean_cache' from command line to 'False'
[0.252s] Level 5:colcon.colcon_core.verb:set package 'open_manipulator' build argument 'cmake_clean_first' from command line to 'False'
[0.252s] Level 5:colcon.colcon_core.verb:set package 'open_manipulator' build argument 'cmake_force_configure' from command line to 'False'
[0.252s] Level 5:colcon.colcon_core.verb:set package 'open_manipulator' build argument 'ament_cmake_args' from command line to 'None'
[0.252s] Level 5:colcon.colcon_core.verb:set package 'open_manipulator' build argument 'catkin_cmake_args' from command line to 'None'
[0.252s] Level 5:colcon.colcon_core.verb:set package 'open_manipulator' build argument 'catkin_skip_building_tests' from command line to 'False'
[0.252s] DEBUG:colcon.colcon_core.verb:Building package 'open_manipulator' with the following arguments: {'ament_cmake_args': None, 'build_base': '/root/ros2_ws/src/open_manipulator/open_manipulator/build/open_manipulator', 'catkin_cmake_args': None, 'catkin_skip_building_tests': False, 'cmake_args': None, 'cmake_clean_cache': False, 'cmake_clean_first': False, 'cmake_force_configure': False, 'cmake_target': None, 'cmake_target_skip_unavailable': False, 'install_base': '/root/ros2_ws/src/open_manipulator/open_manipulator/install/open_manipulator', 'merge_install': False, 'path': '/root/ros2_ws/src/open_manipulator/open_manipulator', 'symlink_install': False, 'test_result_base': None}
[0.252s] INFO:colcon.colcon_core.executor:Executing jobs using 'parallel' executor
[0.253s] DEBUG:colcon.colcon_parallel_executor.executor.parallel:run_until_complete
[0.253s] INFO:colcon.colcon_ros.task.ament_cmake.build:Building ROS package in '/root/ros2_ws/src/open_manipulator/open_manipulator' with build type 'ament_cmake'
[0.253s] INFO:colcon.colcon_cmake.task.cmake.build:Building CMake package in '/root/ros2_ws/src/open_manipulator/open_manipulator'
[0.256s] INFO:colcon.colcon_core.plugin_system:Skipping extension 'colcon_core.shell.bat': Not used on non-Windows systems
[0.256s] INFO:colcon.colcon_core.shell:Skip shell extension 'powershell' for command environment: Not usable outside of PowerShell
[0.256s] DEBUG:colcon.colcon_core.shell:Skip shell extension 'dsv' for command environment
[0.270s] DEBUG:colcon.colcon_core.event_handler.log_command:Invoking command in '/root/ros2_ws/src/open_manipulator/open_manipulator/build/open_manipulator': CMAKE_PREFIX_PATH=${CMAKE_PREFIX_PATH}:/root/ros2_ws/install/open_manipulator_teleop:/root/ros2_ws/install/open_manipulator_bringup:/opt/ros/jazzy /usr/bin/cmake --build /root/ros2_ws/src/open_manipulator/open_manipulator/build/open_manipulator -- -j20 -l20
[0.320s] DEBUG:colcon.colcon_core.event_handler.log_command:Invoked command in '/root/ros2_ws/src/open_manipulator/open_manipulator/build/open_manipulator' returned '0': CMAKE_PREFIX_PATH=${CMAKE_PREFIX_PATH}:/root/ros2_ws/install/open_manipulator_teleop:/root/ros2_ws/install/open_manipulator_bringup:/opt/ros/jazzy /usr/bin/cmake --build /root/ros2_ws/src/open_manipulator/open_manipulator/build/open_manipulator -- -j20 -l20
[0.336s] DEBUG:colcon.colcon_core.event_handler.log_command:Invoking command in '/root/ros2_ws/src/open_manipulator/open_manipulator/build/open_manipulator': CMAKE_PREFIX_PATH=${CMAKE_PREFIX_PATH}:/root/ros2_ws/install/open_manipulator_teleop:/root/ros2_ws/install/open_manipulator_bringup:/opt/ros/jazzy /usr/bin/cmake --install /root/ros2_ws/src/open_manipulator/open_manipulator/build/open_manipulator
[0.347s] Level 1:colcon.colcon_core.environment:create_environment_scripts_only(open_manipulator)
[0.347s] DEBUG:colcon.colcon_core.event_handler.log_command:Invoked command in '/root/ros2_ws/src/open_manipulator/open_manipulator/build/open_manipulator' returned '0': CMAKE_PREFIX_PATH=${CMAKE_PREFIX_PATH}:/root/ros2_ws/install/open_manipulator_teleop:/root/ros2_ws/install/open_manipulator_bringup:/opt/ros/jazzy /usr/bin/cmake --install /root/ros2_ws/src/open_manipulator/open_manipulator/build/open_manipulator
[0.355s] Level 1:colcon.colcon_core.environment:checking '/root/ros2_ws/src/open_manipulator/open_manipulator/install/open_manipulator' for CMake module files
[0.355s] Level 1:colcon.colcon_core.environment:checking '/root/ros2_ws/src/open_manipulator/open_manipulator/install/open_manipulator' for CMake config files
[0.355s] Level 1:colcon.colcon_core.shell:create_environment_hook('open_manipulator', 'cmake_prefix_path')
[0.355s] INFO:colcon.colcon_core.shell:Creating environment hook '/root/ros2_ws/src/open_manipulator/open_manipulator/install/open_manipulator/share/open_manipulator/hook/cmake_prefix_path.ps1'
[0.356s] INFO:colcon.colcon_core.shell:Creating environment descriptor '/root/ros2_ws/src/open_manipulator/open_manipulator/install/open_manipulator/share/open_manipulator/hook/cmake_prefix_path.dsv'
[0.356s] INFO:colcon.colcon_core.shell:Creating environment hook '/root/ros2_ws/src/open_manipulator/open_manipulator/install/open_manipulator/share/open_manipulator/hook/cmake_prefix_path.sh'
[0.357s] Level 1:colcon.colcon_core.environment:checking '/root/ros2_ws/src/open_manipulator/open_manipulator/install/open_manipulator/bin'
[0.357s] Level 1:colcon.colcon_core.environment:checking '/root/ros2_ws/src/open_manipulator/open_manipulator/install/open_manipulator/lib/pkgconfig/open_manipulator.pc'
[0.359s] Level 1:colcon.colcon_core.environment:checking '/root/ros2_ws/src/open_manipulator/open_manipulator/install/open_manipulator/lib/python3.12/site-packages'
[0.359s] Level 1:colcon.colcon_core.environment:checking '/root/ros2_ws/src/open_manipulator/open_manipulator/install/open_manipulator/bin'
[0.360s] INFO:colcon.colcon_core.shell:Creating package script '/root/ros2_ws/src/open_manipulator/open_manipulator/install/open_manipulator/share/open_manipulator/package.ps1'
[0.360s] INFO:colcon.colcon_core.shell:Creating package descriptor '/root/ros2_ws/src/open_manipulator/open_manipulator/install/open_manipulator/share/open_manipulator/package.dsv'
[0.361s] INFO:colcon.colcon_core.shell:Creating package script '/root/ros2_ws/src/open_manipulator/open_manipulator/install/open_manipulator/share/open_manipulator/package.sh'
[0.361s] INFO:colcon.colcon_core.shell:Creating package script '/root/ros2_ws/src/open_manipulator/open_manipulator/install/open_manipulator/share/open_manipulator/package.bash'
[0.362s] INFO:colcon.colcon_core.shell:Creating package script '/root/ros2_ws/src/open_manipulator/open_manipulator/install/open_manipulator/share/open_manipulator/package.zsh'
[0.362s] Level 1:colcon.colcon_core.environment:create_file_with_runtime_dependencies(/root/ros2_ws/src/open_manipulator/open_manipulator/install/open_manipulator/share/colcon-core/packages/open_manipulator)
[0.363s] Level 1:colcon.colcon_core.environment:create_environment_scripts_only(open_manipulator)
[0.363s] Level 1:colcon.colcon_core.environment:checking '/root/ros2_ws/src/open_manipulator/open_manipulator/install/open_manipulator' for CMake module files
[0.363s] Level 1:colcon.colcon_core.environment:checking '/root/ros2_ws/src/open_manipulator/open_manipulator/install/open_manipulator' for CMake config files
[0.363s] Level 1:colcon.colcon_core.shell:create_environment_hook('open_manipulator', 'cmake_prefix_path')
[0.363s] INFO:colcon.colcon_core.shell:Creating environment hook '/root/ros2_ws/src/open_manipulator/open_manipulator/install/open_manipulator/share/open_manipulator/hook/cmake_prefix_path.ps1'
[0.364s] INFO:colcon.colcon_core.shell:Creating environment descriptor '/root/ros2_ws/src/open_manipulator/open_manipulator/install/open_manipulator/share/open_manipulator/hook/cmake_prefix_path.dsv'
[0.364s] INFO:colcon.colcon_core.shell:Creating environment hook '/root/ros2_ws/src/open_manipulator/open_manipulator/install/open_manipulator/share/open_manipulator/hook/cmake_prefix_path.sh'
[0.364s] Level 1:colcon.colcon_core.environment:checking '/root/ros2_ws/src/open_manipulator/open_manipulator/install/open_manipulator/bin'
[0.364s] Level 1:colcon.colcon_core.environment:checking '/root/ros2_ws/src/open_manipulator/open_manipulator/install/open_manipulator/lib/pkgconfig/open_manipulator.pc'
[0.365s] Level 1:colcon.colcon_core.environment:checking '/root/ros2_ws/src/open_manipulator/open_manipulator/install/open_manipulator/lib/python3.12/site-packages'
[0.365s] Level 1:colcon.colcon_core.environment:checking '/root/ros2_ws/src/open_manipulator/open_manipulator/install/open_manipulator/bin'
[0.365s] INFO:colcon.colcon_core.shell:Creating package script '/root/ros2_ws/src/open_manipulator/open_manipulator/install/open_manipulator/share/open_manipulator/package.ps1'
[0.365s] INFO:colcon.colcon_core.shell:Creating package descriptor '/root/ros2_ws/src/open_manipulator/open_manipulator/install/open_manipulator/share/open_manipulator/package.dsv'
[0.366s] INFO:colcon.colcon_core.shell:Creating package script '/root/ros2_ws/src/open_manipulator/open_manipulator/install/open_manipulator/share/open_manipulator/package.sh'
[0.366s] INFO:colcon.colcon_core.shell:Creating package script '/root/ros2_ws/src/open_manipulator/open_manipulator/install/open_manipulator/share/open_manipulator/package.bash'
[0.366s] INFO:colcon.colcon_core.shell:Creating package script '/root/ros2_ws/src/open_manipulator/open_manipulator/install/open_manipulator/share/open_manipulator/package.zsh'
[0.366s] Level 1:colcon.colcon_core.environment:create_file_with_runtime_dependencies(/root/ros2_ws/src/open_manipulator/open_manipulator/install/open_manipulator/share/colcon-core/packages/open_manipulator)
[0.366s] DEBUG:colcon.colcon_parallel_executor.executor.parallel:closing loop
[0.368s] DEBUG:colcon.colcon_parallel_executor.executor.parallel:loop closed
[0.368s] DEBUG:colcon.colcon_parallel_executor.executor.parallel:run_until_complete finished with '0'
[0.368s] DEBUG:colcon.colcon_core.event_reactor:joining thread
[0.379s] INFO:colcon.colcon_core.plugin_system:Skipping extension 'colcon_notification.desktop_notification.notify_send': Could not find 'notify-send'
[0.379s] INFO:colcon.colcon_core.plugin_system:Skipping extension 'colcon_notification.desktop_notification.terminal_notifier': Not used on non-Darwin systems
[0.379s] INFO:colcon.colcon_core.plugin_system:Skipping extension 'colcon_notification.desktop_notification.win32': Not used on non-Windows systems
[0.379s] INFO:colcon.colcon_notification.desktop_notification:Sending desktop notification using 'notify2'
[0.384s] DEBUG:colcon.colcon_notification.desktop_notification.notify2:Failed to initialize notify2: org.freedesktop.DBus.Error.Spawn.ExecFailed: /usr/bin/dbus-launch terminated abnormally without any error message
[0.384s] DEBUG:colcon.colcon_core.event_reactor:joined thread
[0.384s] INFO:colcon.colcon_core.shell:Creating prefix script '/root/ros2_ws/src/open_manipulator/open_manipulator/install/local_setup.ps1'
[0.385s] INFO:colcon.colcon_core.shell:Creating prefix util module '/root/ros2_ws/src/open_manipulator/open_manipulator/install/_local_setup_util_ps1.py'
[0.386s] INFO:colcon.colcon_core.shell:Creating prefix chain script '/root/ros2_ws/src/open_manipulator/open_manipulator/install/setup.ps1'
[0.388s] INFO:colcon.colcon_core.shell:Creating prefix script '/root/ros2_ws/src/open_manipulator/open_manipulator/install/local_setup.sh'
[0.390s] INFO:colcon.colcon_core.shell:Creating prefix util module '/root/ros2_ws/src/open_manipulator/open_manipulator/install/_local_setup_util_sh.py'
[0.391s] INFO:colcon.colcon_core.shell:Creating prefix chain script '/root/ros2_ws/src/open_manipulator/open_manipulator/install/setup.sh'
[0.393s] INFO:colcon.colcon_core.shell:Creating prefix script '/root/ros2_ws/src/open_manipulator/open_manipulator/install/local_setup.bash'
[0.394s] INFO:colcon.colcon_core.shell:Creating prefix chain script '/root/ros2_ws/src/open_manipulator/open_manipulator/install/setup.bash'
[0.395s] INFO:colcon.colcon_core.shell:Creating prefix script '/root/ros2_ws/src/open_manipulator/open_manipulator/install/local_setup.zsh'
[0.396s] INFO:colcon.colcon_core.shell:Creating prefix chain script '/root/ros2_ws/src/open_manipulator/open_manipulator/install/setup.zsh'
